True
cuda:0
0
[2023-06-26 10:58:23,926] [INFO] [real_accelerator.py:110:get_accelerator] Setting ds_accelerator to cuda (auto detect)
[2023-06-26 10:58:25,148] [WARNING] [comm.py:152:init_deepspeed_backend] NCCL backend in DeepSpeed not yet implemented
True
cuda:0
0
[2023-06-26 10:58:33,988] [INFO] [real_accelerator.py:110:get_accelerator] Setting ds_accelerator to cuda (auto detect)
[2023-06-26 10:58:34,466] [WARNING] [comm.py:152:init_deepspeed_backend] NCCL backend in DeepSpeed not yet implemented
True
cuda:0
0
[2023-06-26 10:58:34,583] [INFO] [real_accelerator.py:110:get_accelerator] Setting ds_accelerator to cuda (auto detect)
True
cuda:0
0
[2023-06-26 10:58:34,807] [INFO] [real_accelerator.py:110:get_accelerator] Setting ds_accelerator to cuda (auto detect)
True
cuda:0
0
[2023-06-26 10:58:34,867] [INFO] [real_accelerator.py:110:get_accelerator] Setting ds_accelerator to cuda (auto detect)
True
cuda:0
0
[2023-06-26 10:58:34,939] [INFO] [real_accelerator.py:110:get_accelerator] Setting ds_accelerator to cuda (auto detect)
[2023-06-26 10:58:35,131] [WARNING] [comm.py:152:init_deepspeed_backend] NCCL backend in DeepSpeed not yet implemented
[2023-06-26 10:58:35,331] [WARNING] [comm.py:152:init_deepspeed_backend] NCCL backend in DeepSpeed not yet implemented
[2023-06-26 10:58:35,334] [WARNING] [comm.py:152:init_deepspeed_backend] NCCL backend in DeepSpeed not yet implemented
[2023-06-26 10:58:35,460] [WARNING] [comm.py:152:init_deepspeed_backend] NCCL backend in DeepSpeed not yet implemented
<class 'lightning.fabric.fabric.Fabric'>
<class 'lightning.fabric.fabric.Fabric'>
<class 'lightning.fabric.fabric.Fabric'>
Loading model 'checkpoints/tiiuae/falcon-40b/lit_model.pth' with {'block_size': 2048, 'vocab_size': 50254, 'padding_multiple': 512, 'padded_vocab_size': 65024, 'n_layer': 60, 'n_head': 128, 'n_embd': 8192, 'rotary_percentage': 1.0, 'parallel_residual': True, 'bias': False, 'n_query_groups': 8, 'shared_attention_norm': False, 'adapter_prompt_length': 10, 'adapter_start_layer': 2}
<class 'lightning.fabric.fabric.Fabric'>
Number of trainable parameters: 4758784
