/gpfs/gpfs0/scratch/brc4cb/lit-parrot/finetune/adapter.py:295: JsonargparseDeprecationWarning: 
    Only use the public API as described in https://jsonargparse.readthedocs.io/en/stable/#api-reference.
    Importing from jsonargparse.cli is kept only to avoid breaking code that does not correctly use the public
    API. It will no longer be available from v5.0.0.

  from jsonargparse.cli import CLI
/home/brc4cb/.conda/envs/falcon_40B/lib/python3.9/site-packages/lightning/fabric/plugins/environments/slurm.py:165: PossibleUserWarning: The `srun` command is available on your system but is not used. HINT: If your intention is to run Lightning on SLURM, prepend your python command with `srun` like so: srun python finetune/adapter.py ...
  rank_zero_warn(
initializing deepspeed distributed: GLOBAL_RANK: 0, MEMBER: 1/6
/gpfs/gpfs0/scratch/brc4cb/lit-parrot/finetune/adapter.py:295: JsonargparseDeprecationWarning: 
    Only use the public API as described in https://jsonargparse.readthedocs.io/en/stable/#api-reference.
    Importing from jsonargparse.cli is kept only to avoid breaking code that does not correctly use the public
    API. It will no longer be available from v5.0.0.

  from jsonargparse.cli import CLI
/gpfs/gpfs0/scratch/brc4cb/lit-parrot/finetune/adapter.py:295: JsonargparseDeprecationWarning: 
    Only use the public API as described in https://jsonargparse.readthedocs.io/en/stable/#api-reference.
    Importing from jsonargparse.cli is kept only to avoid breaking code that does not correctly use the public
    API. It will no longer be available from v5.0.0.

  from jsonargparse.cli import CLI
/gpfs/gpfs0/scratch/brc4cb/lit-parrot/finetune/adapter.py:295: JsonargparseDeprecationWarning: 
    Only use the public API as described in https://jsonargparse.readthedocs.io/en/stable/#api-reference.
    Importing from jsonargparse.cli is kept only to avoid breaking code that does not correctly use the public
    API. It will no longer be available from v5.0.0.

  from jsonargparse.cli import CLI
/gpfs/gpfs0/scratch/brc4cb/lit-parrot/finetune/adapter.py:295: JsonargparseDeprecationWarning: 
    Only use the public API as described in https://jsonargparse.readthedocs.io/en/stable/#api-reference.
    Importing from jsonargparse.cli is kept only to avoid breaking code that does not correctly use the public
    API. It will no longer be available from v5.0.0.

  from jsonargparse.cli import CLI
/gpfs/gpfs0/scratch/brc4cb/lit-parrot/finetune/adapter.py:295: JsonargparseDeprecationWarning: 
    Only use the public API as described in https://jsonargparse.readthedocs.io/en/stable/#api-reference.
    Importing from jsonargparse.cli is kept only to avoid breaking code that does not correctly use the public
    API. It will no longer be available from v5.0.0.

  from jsonargparse.cli import CLI
initializing deepspeed distributed: GLOBAL_RANK: 4, MEMBER: 5/6
initializing deepspeed distributed: GLOBAL_RANK: 1, MEMBER: 2/6
initializing deepspeed distributed: GLOBAL_RANK: 5, MEMBER: 6/6
initializing deepspeed distributed: GLOBAL_RANK: 2, MEMBER: 3/6
initializing deepspeed distributed: GLOBAL_RANK: 3, MEMBER: 4/6
Enabling DeepSpeed FP16.
[rank: 1] Global seed set to 1338
[rank: 5] Global seed set to 1342
[rank: 2] Global seed set to 1339
[rank: 4] Global seed set to 1341
[rank: 3] Global seed set to 1340
[rank: 0] Global seed set to 1337
