/gpfs/gpfs0/scratch/brc4cb/lit-parrot/finetune/adapter.py:295: JsonargparseDeprecationWarning: 
    Only use the public API as described in https://jsonargparse.readthedocs.io/en/stable/#api-reference.
    Importing from jsonargparse.cli is kept only to avoid breaking code that does not correctly use the public
    API. It will no longer be available from v5.0.0.

  from jsonargparse.cli import CLI
/home/brc4cb/.conda/envs/falcon_40B/lib/python3.9/site-packages/lightning/fabric/plugins/environments/slurm.py:165: PossibleUserWarning: The `srun` command is available on your system but is not used. HINT: If your intention is to run Lightning on SLURM, prepend your python command with `srun` like so: srun python finetune/adapter.py ...
  rank_zero_warn(
initializing deepspeed distributed: GLOBAL_RANK: 0, MEMBER: 1/6
/gpfs/gpfs0/scratch/brc4cb/lit-parrot/finetune/adapter.py:295: JsonargparseDeprecationWarning: 
    Only use the public API as described in https://jsonargparse.readthedocs.io/en/stable/#api-reference.
    Importing from jsonargparse.cli is kept only to avoid breaking code that does not correctly use the public
    API. It will no longer be available from v5.0.0.

  from jsonargparse.cli import CLI
/gpfs/gpfs0/scratch/brc4cb/lit-parrot/finetune/adapter.py:295: JsonargparseDeprecationWarning: 
    Only use the public API as described in https://jsonargparse.readthedocs.io/en/stable/#api-reference.
    Importing from jsonargparse.cli is kept only to avoid breaking code that does not correctly use the public
    API. It will no longer be available from v5.0.0.

  from jsonargparse.cli import CLI
/gpfs/gpfs0/scratch/brc4cb/lit-parrot/finetune/adapter.py:295: JsonargparseDeprecationWarning: 
    Only use the public API as described in https://jsonargparse.readthedocs.io/en/stable/#api-reference.
    Importing from jsonargparse.cli is kept only to avoid breaking code that does not correctly use the public
    API. It will no longer be available from v5.0.0.

  from jsonargparse.cli import CLI
/gpfs/gpfs0/scratch/brc4cb/lit-parrot/finetune/adapter.py:295: JsonargparseDeprecationWarning: 
    Only use the public API as described in https://jsonargparse.readthedocs.io/en/stable/#api-reference.
    Importing from jsonargparse.cli is kept only to avoid breaking code that does not correctly use the public
    API. It will no longer be available from v5.0.0.

  from jsonargparse.cli import CLI
/gpfs/gpfs0/scratch/brc4cb/lit-parrot/finetune/adapter.py:295: JsonargparseDeprecationWarning: 
    Only use the public API as described in https://jsonargparse.readthedocs.io/en/stable/#api-reference.
    Importing from jsonargparse.cli is kept only to avoid breaking code that does not correctly use the public
    API. It will no longer be available from v5.0.0.

  from jsonargparse.cli import CLI
initializing deepspeed distributed: GLOBAL_RANK: 1, MEMBER: 2/6
initializing deepspeed distributed: GLOBAL_RANK: 3, MEMBER: 4/6
[rank: 1] Global seed set to 1338
[rank: 3] Global seed set to 1340
initializing deepspeed distributed: GLOBAL_RANK: 4, MEMBER: 5/6
initializing deepspeed distributed: GLOBAL_RANK: 2, MEMBER: 3/6
[rank: 2] Global seed set to 1339
[rank: 4] Global seed set to 1341
initializing deepspeed distributed: GLOBAL_RANK: 5, MEMBER: 6/6
[rank: 5] Global seed set to 1342
Enabling DeepSpeed FP16.
[rank: 0] Global seed set to 1337
Traceback (most recent call last):
  File "/gpfs/gpfs0/scratch/brc4cb/lit-parrot/finetune/adapter.py", line 303, in <module>
    CLI(setup)
  File "/home/brc4cb/.conda/envs/falcon_40B/lib/python3.9/site-packages/jsonargparse/_cli.py", line 85, in CLI
    return _run_component(component, cfg_init)
  File "/home/brc4cb/.conda/envs/falcon_40B/lib/python3.9/site-packages/jsonargparse/_cli.py", line 147, in _run_component
    return component(**cfg)
  File "/gpfs/gpfs0/scratch/brc4cb/lit-parrot/finetune/adapter.py", line 87, in setup
    fabric.launch(main, data_dir, checkpoint_dir, out_dir)
  File "/home/brc4cb/.conda/envs/falcon_40B/lib/python3.9/site-packages/lightning/fabric/fabric.py", line 664, in launch
    return self._strategy.launcher.launch(function, *args, **kwargs)
  File "/home/brc4cb/.conda/envs/falcon_40B/lib/python3.9/site-packages/lightning/fabric/strategies/launchers/subprocess_script.py", line 90, in launch
    return function(*args, **kwargs)
  File "/home/brc4cb/.conda/envs/falcon_40B/lib/python3.9/site-packages/lightning/fabric/fabric.py", line 754, in _run_with_setup
    return run_function(*args, **kwargs)
  File "/gpfs/gpfs0/scratch/brc4cb/lit-parrot/finetune/adapter.py", line 109, in main
    model = Parrot(config)
  File "/gpfs/gpfs0/scratch/brc4cb/lit-parrot/lit_parrot/adapter.py", line 48, in __init__
    h=nn.ModuleList(Block(config, i) for i in range(config.n_layer)),
  File "/home/brc4cb/.conda/envs/falcon_40B/lib/python3.9/site-packages/torch/nn/modules/container.py", line 279, in __init__
    self += modules
  File "/home/brc4cb/.conda/envs/falcon_40B/lib/python3.9/site-packages/torch/nn/modules/container.py", line 320, in __iadd__
    return self.extend(modules)
  File "/home/brc4cb/.conda/envs/falcon_40B/lib/python3.9/site-packages/torch/nn/modules/container.py", line 401, in extend
    for i, module in enumerate(modules):
  File "/gpfs/gpfs0/scratch/brc4cb/lit-parrot/lit_parrot/adapter.py", line 48, in <genexpr>
    h=nn.ModuleList(Block(config, i) for i in range(config.n_layer)),
  File "/gpfs/gpfs0/scratch/brc4cb/lit-parrot/lit_parrot/adapter.py", line 125, in __init__
    self.mlp = MLP(config)
  File "/gpfs/gpfs0/scratch/brc4cb/lit-parrot/lit_parrot/model.py", line 251, in __init__
    self.fc = nn.Linear(config.n_embd, hidden_dim, bias=config.bias)
  File "/home/brc4cb/.conda/envs/falcon_40B/lib/python3.9/site-packages/torch/nn/modules/linear.py", line 96, in __init__
    self.weight = Parameter(torch.empty((out_features, in_features), **factory_kwargs))
RuntimeError: [enforce fail at alloc_cpu.cpp:75] err == 0. DefaultCPUAllocator: can't allocate memory: you tried to allocate 1073741824 bytes. Error code 12 (Cannot allocate memory)
Traceback (most recent call last):
  File "/gpfs/gpfs0/scratch/brc4cb/lit-parrot/finetune/adapter.py", line 303, in <module>
Traceback (most recent call last):
  File "/gpfs/gpfs0/scratch/brc4cb/lit-parrot/finetune/adapter.py", line 303, in <module>
    CLI(setup)
  File "/home/brc4cb/.conda/envs/falcon_40B/lib/python3.9/site-packages/jsonargparse/_cli.py", line 85, in CLI
    CLI(setup)
  File "/home/brc4cb/.conda/envs/falcon_40B/lib/python3.9/site-packages/jsonargparse/_cli.py", line 85, in CLI
    return _run_component(component, cfg_init)
  File "/home/brc4cb/.conda/envs/falcon_40B/lib/python3.9/site-packages/jsonargparse/_cli.py", line 147, in _run_component
    return _run_component(component, cfg_init)
  File "/home/brc4cb/.conda/envs/falcon_40B/lib/python3.9/site-packages/jsonargparse/_cli.py", line 147, in _run_component
    return component(**cfg)
  File "/gpfs/gpfs0/scratch/brc4cb/lit-parrot/finetune/adapter.py", line 87, in setup
    return component(**cfg)
  File "/gpfs/gpfs0/scratch/brc4cb/lit-parrot/finetune/adapter.py", line 87, in setup
    fabric.launch(main, data_dir, checkpoint_dir, out_dir)
  File "/home/brc4cb/.conda/envs/falcon_40B/lib/python3.9/site-packages/lightning/fabric/fabric.py", line 664, in launch
    fabric.launch(main, data_dir, checkpoint_dir, out_dir)
  File "/home/brc4cb/.conda/envs/falcon_40B/lib/python3.9/site-packages/lightning/fabric/fabric.py", line 664, in launch
    return self._strategy.launcher.launch(function, *args, **kwargs)
  File "/home/brc4cb/.conda/envs/falcon_40B/lib/python3.9/site-packages/lightning/fabric/strategies/launchers/subprocess_script.py", line 90, in launch
    return self._strategy.launcher.launch(function, *args, **kwargs)
  File "/home/brc4cb/.conda/envs/falcon_40B/lib/python3.9/site-packages/lightning/fabric/strategies/launchers/subprocess_script.py", line 90, in launch
    return function(*args, **kwargs)
  File "/home/brc4cb/.conda/envs/falcon_40B/lib/python3.9/site-packages/lightning/fabric/fabric.py", line 754, in _run_with_setup
    return function(*args, **kwargs)
  File "/home/brc4cb/.conda/envs/falcon_40B/lib/python3.9/site-packages/lightning/fabric/fabric.py", line 754, in _run_with_setup
    return run_function(*args, **kwargs)
  File "/gpfs/gpfs0/scratch/brc4cb/lit-parrot/finetune/adapter.py", line 109, in main
    return run_function(*args, **kwargs)
  File "/gpfs/gpfs0/scratch/brc4cb/lit-parrot/finetune/adapter.py", line 109, in main
    model = Parrot(config)
  File "/gpfs/gpfs0/scratch/brc4cb/lit-parrot/lit_parrot/adapter.py", line 48, in __init__
    model = Parrot(config)
  File "/gpfs/gpfs0/scratch/brc4cb/lit-parrot/lit_parrot/adapter.py", line 48, in __init__
    h=nn.ModuleList(Block(config, i) for i in range(config.n_layer)),
  File "/home/brc4cb/.conda/envs/falcon_40B/lib/python3.9/site-packages/torch/nn/modules/container.py", line 279, in __init__
    h=nn.ModuleList(Block(config, i) for i in range(config.n_layer)),
  File "/home/brc4cb/.conda/envs/falcon_40B/lib/python3.9/site-packages/torch/nn/modules/container.py", line 279, in __init__
    self += modules
  File "/home/brc4cb/.conda/envs/falcon_40B/lib/python3.9/site-packages/torch/nn/modules/container.py", line 320, in __iadd__
    self += modules
  File "/home/brc4cb/.conda/envs/falcon_40B/lib/python3.9/site-packages/torch/nn/modules/container.py", line 320, in __iadd__
    return self.extend(modules)
  File "/home/brc4cb/.conda/envs/falcon_40B/lib/python3.9/site-packages/torch/nn/modules/container.py", line 401, in extend
    return self.extend(modules)
  File "/home/brc4cb/.conda/envs/falcon_40B/lib/python3.9/site-packages/torch/nn/modules/container.py", line 401, in extend
    for i, module in enumerate(modules):
  File "/gpfs/gpfs0/scratch/brc4cb/lit-parrot/lit_parrot/adapter.py", line 48, in <genexpr>
    for i, module in enumerate(modules):
  File "/gpfs/gpfs0/scratch/brc4cb/lit-parrot/lit_parrot/adapter.py", line 48, in <genexpr>
    h=nn.ModuleList(Block(config, i) for i in range(config.n_layer)),
  File "/gpfs/gpfs0/scratch/brc4cb/lit-parrot/lit_parrot/adapter.py", line 122, in __init__
    h=nn.ModuleList(Block(config, i) for i in range(config.n_layer)),
  File "/gpfs/gpfs0/scratch/brc4cb/lit-parrot/lit_parrot/adapter.py", line 125, in __init__
    self.attn = CausalSelfAttention(config, block_idx)
  File "/gpfs/gpfs0/scratch/brc4cb/lit-parrot/lit_parrot/adapter.py", line 162, in __init__
    self.mlp = MLP(config)
  File "/gpfs/gpfs0/scratch/brc4cb/lit-parrot/lit_parrot/model.py", line 252, in __init__
    super().__init__(config)
  File "/gpfs/gpfs0/scratch/brc4cb/lit-parrot/lit_parrot/model.py", line 183, in __init__
    self.proj = nn.Linear(hidden_dim, config.n_embd, bias=config.bias)
  File "/home/brc4cb/.conda/envs/falcon_40B/lib/python3.9/site-packages/torch/nn/modules/linear.py", line 96, in __init__
    self.proj = nn.Linear(config.n_embd, config.n_embd, bias=config.bias)
  File "/home/brc4cb/.conda/envs/falcon_40B/lib/python3.9/site-packages/torch/nn/modules/linear.py", line 96, in __init__
    self.weight = Parameter(torch.empty((out_features, in_features), **factory_kwargs))
RuntimeError: [enforce fail at alloc_cpu.cpp:75] err == 0. DefaultCPUAllocator: can't allocate memory: you tried to allocate 1073741824 bytes. Error code 12 (Cannot allocate memory)
    self.weight = Parameter(torch.empty((out_features, in_features), **factory_kwargs))
RuntimeError: [enforce fail at alloc_cpu.cpp:75] err == 0. DefaultCPUAllocator: can't allocate memory: you tried to allocate 268435456 bytes. Error code 12 (Cannot allocate memory)
