/home/brc4cb/.local/lib/python3.8/site-packages/lightning/fabric/plugins/environments/slurm.py:165: PossibleUserWarning: The `srun` command is available on your system but is not used. HINT: If your intention is to run Lightning on SLURM, prepend your python command with `srun` like so: srun python finetune/adapter.py ...
  rank_zero_warn(
Traceback (most recent call last):
  File "finetune/adapter.py", line 301, in <module>
    CLI(setup)
  File "/home/brc4cb/.local/lib/python3.8/site-packages/jsonargparse/cli.py", line 85, in CLI
    return _run_component(component, cfg_init)
  File "/home/brc4cb/.local/lib/python3.8/site-packages/jsonargparse/cli.py", line 147, in _run_component
    return component(**cfg)
  File "finetune/adapter.py", line 85, in setup
    fabric.launch(main, data_dir, checkpoint_dir, out_dir)
  File "/home/brc4cb/.local/lib/python3.8/site-packages/lightning/fabric/fabric.py", line 664, in launch
    return self._strategy.launcher.launch(function, *args, **kwargs)
  File "/home/brc4cb/.local/lib/python3.8/site-packages/lightning/fabric/strategies/launchers/subprocess_script.py", line 90, in launch
    return function(*args, **kwargs)
  File "/home/brc4cb/.local/lib/python3.8/site-packages/lightning/fabric/fabric.py", line 749, in _run_with_setup
    self._strategy.setup_environment()
  File "/home/brc4cb/.local/lib/python3.8/site-packages/lightning/fabric/strategies/ddp.py", line 113, in setup_environment
    self._setup_distributed()
  File "/home/brc4cb/.local/lib/python3.8/site-packages/lightning/fabric/strategies/deepspeed.py", line 567, in _setup_distributed
    raise RuntimeError(
RuntimeError: The DeepSpeed strategy is only supported on CUDA GPUs but `CPUAccelerator` is used.
